
                      Design Compiler Graphical
                            DC Ultra (TM)
                             DFTMAX (TM)
                         Power Compiler (TM)
                           DesignWare (R)
                           DC Expert (TM)
                         Design Vision (TM)
                          HDL Compiler (TM)
                         VHDL Compiler (TM)
                            DFT Compiler
                        Library Compiler (TM)
                         Design Compiler(R)

         Version J-2014.09-SP5-2 for RHEL64 -- Jul 11, 2015
               Copyright (c) 1988-2015 Synopsys, Inc.

This software and the associated documentation are confidential and 
proprietary to Synopsys, Inc. Your use or disclosure of this software 
is subject to the terms and conditions of a written license agreement 
between you, or your company, and Synopsys, Inc.

Initializing...
##############################################
# Setup: fill out the following parameters: name of clock signal, clock period (ns),
# reset signal name (if used), name of top-level module, name of source file
set CLK_NAME "clk";
clk
set CLK_PERIOD 2.6;
2.6
set RST_NAME "reset";
reset
set TOP_MOD_NAME "part3";
part3
set SRC_FILE "../part3.sv";
../part3.sv
# If you have multiple source files, change the line above to list them all like this:
# set SRC_FILE [list "file1.sv" "file2.sv"];
###############################################
source setupdc.tcl
NangateOpenCellLibrary_typical.db dw_foundation.sldb
file mkdir work_synth
define_design_lib WORK -path work_synth
1
analyze $SRC_FILE -format sverilog
Running PRESTO HDLC
Compiling source file ../part3.sv
Warning:  ../part3.sv:41: The construct 'assert property' is not supported in synthesis; it is ignored. (VER-708)
Warning:  ../part3.sv:42: The construct 'assert property' is not supported in synthesis; it is ignored. (VER-708)
Warning:  ../part3.sv:43: The construct 'assert property' is not supported in synthesis; it is ignored. (VER-708)
Warning:  ../part3.sv:45: The construct 'assert property' is not supported in synthesis; it is ignored. (VER-708)
Warning:  ../part3.sv:47: The construct 'assert property' is not supported in synthesis; it is ignored. (VER-708)
Warning:  ../part3.sv:49: The construct 'assert property' is not supported in synthesis; it is ignored. (VER-708)
Warning:  ../part3.sv:66: The construct 'assert property' is not supported in synthesis; it is ignored. (VER-708)
Warning:  ../part3.sv:69: The construct 'assert property' is not supported in synthesis; it is ignored. (VER-708)
Warning:  ../part3.sv:74: The construct 'assert property' is not supported in synthesis; it is ignored. (VER-708)
Warning:  ../part3.sv:106: The construct 'assert property' is not supported in synthesis; it is ignored. (VER-708)
Warning:  ../part3.sv:109: The construct 'assert property' is not supported in synthesis; it is ignored. (VER-708)
Warning:  ../part3.sv:114: The construct 'assert property' is not supported in synthesis; it is ignored. (VER-708)
Warning:  ../part3.sv:136: The construct 'assert property' is not supported in synthesis; it is ignored. (VER-708)
Warning:  ../part3.sv:139: The construct 'assert property' is not supported in synthesis; it is ignored. (VER-708)
Warning:  ../part3.sv:144: The construct 'assert property' is not supported in synthesis; it is ignored. (VER-708)
Warning:  ../part3.sv:151: The construct 'immediate assertion' is not supported in synthesis; it is ignored. (VER-708)
Warning:  ../part3.sv:152: The construct 'immediate assertion' is not supported in synthesis; it is ignored. (VER-708)
Warning:  ../part3.sv:153: The construct 'immediate assertion' is not supported in synthesis; it is ignored. (VER-708)
Warning:  ../part3.sv:154: The construct 'immediate assertion' is not supported in synthesis; it is ignored. (VER-708)
Warning:  ../part3.sv:155: The construct 'immediate assertion' is not supported in synthesis; it is ignored. (VER-708)
Warning:  ../part3.sv:156: The construct 'immediate assertion' is not supported in synthesis; it is ignored. (VER-708)
Warning:  ../part3.sv:151: delay controls are ignored for synthesis. (VER-176)
Presto compilation completed successfully.
Loading db file '/home/home4/pmilder/ese507/synthesis/lib/NangateOpenCellLibrary_typical.db'
Loading db file '/usr/local/synopsys/syn/libraries/syn/dw_foundation.sldb'
1
elaborate -work WORK $TOP_MOD_NAME
Loading db file '/usr/local/synopsys/syn/libraries/syn/gtech.db'
Loading db file '/usr/local/synopsys/syn/libraries/syn/standard.sldb'
  Loading link library 'NangateOpenCellLibrary'
  Loading link library 'gtech'
Running PRESTO HDLC

Inferred memory devices in process
	in routine part3 line 24 in file
		'../part3.sv'.
===============================================================================
|    Register Name    |   Type    | Width | Bus | MB | AR | AS | SR | SS | ST |
===============================================================================
|   enable_out_reg    | Flip-flop |   1   |  N  | N  | N  | N  | N  | N  | N  |
|    enable_f_reg     | Flip-flop |   1   |  N  | N  | N  | N  | N  | N  | N  |
|    enable_g_reg     | Flip-flop |   1   |  N  | N  | N  | N  | N  | N  | N  |
===============================================================================

Inferred memory devices in process
	in routine part3 line 54 in file
		'../part3.sv'.
===============================================================================
|    Register Name    |   Type    | Width | Bus | MB | AR | AS | SR | SS | ST |
===============================================================================
|      a_reg_reg      | Flip-flop |   8   |  Y  | N  | N  | N  | N  | N  | N  |
===============================================================================

Inferred memory devices in process
	in routine part3 line 94 in file
		'../part3.sv'.
===============================================================================
|    Register Name    |   Type    | Width | Bus | MB | AR | AS | SR | SS | ST |
===============================================================================
|        f_reg        | Flip-flop |  20   |  Y  | N  | N  | N  | N  | N  | N  |
===============================================================================

Inferred memory devices in process
	in routine part3 line 124 in file
		'../part3.sv'.
===============================================================================
|    Register Name    |   Type    | Width | Bus | MB | AR | AS | SR | SS | ST |
===============================================================================
|        g_reg        | Flip-flop |  10   |  Y  | N  | N  | N  | N  | N  | N  |
===============================================================================
Warning:  ../part3.sv:150: Netlist for always block is empty. (ELAB-985)
Presto compilation completed successfully.
Elaborated 1 design.
Current design is now 'part3'.
1
###### CLOCKS AND PORTS #######
set CLK_PORT [get_ports $CLK_NAME]
{clk}
set TMP1 [remove_from_collection [all_inputs] $CLK_PORT]
{reset a[7] a[6] a[5] a[4] a[3] a[2] a[1] a[0] valid_in}
set INPUTS [remove_from_collection $TMP1 $RST_NAME]
{a[7] a[6] a[5] a[4] a[3] a[2] a[1] a[0] valid_in}
create_clock -period $CLK_PERIOD [get_ports clk]
1
# set delay for inputs to be 0.2ns
set_input_delay 0.2 -max -clock clk $INPUTS
1
set_output_delay 0.2 -max -clock clk [all_outputs]
1
###### OPTIMIZATION #######
set_max_area 0 
1
###### RUN #####
compile_ultra
Information: Performing power optimization. (PWR-850)
Alib files are up-to-date.
Information: Evaluating DesignWare library utilization. (UISN-27)

============================================================================
| DesignWare Building Block Library  |         Version         | Available |
============================================================================
| Basic DW Building Blocks           | J-2014.09-DWBB_201409.5.2 |   *     |
| Licensed DW Building Blocks        | J-2014.09-DWBB_201409.5.2 |   *     |
============================================================================

Information: Sequential output inversion is enabled.  SVF file must be used for formal verification. (OPT-1208)

Loaded alib file './alib-52/NangateOpenCellLibrary_typical.db.alib'
  Building model 'DW01_NAND2'
Information: Ungrouping 0 of 1 hierarchies before Pass 1 (OPT-775)
Information: State dependent leakage is now switched from on to off.

  Beginning Pass 1 Mapping
  ------------------------
  Processing 'part3'
 Implement Synthetic for 'part3'.
  Processing 'part3_DW_sqrt_J1_0'

  Updating timing information
Information: Updating design information... (UID-85)

  Beginning Mapping Optimizations  (Ultra High effort)
  -------------------------------
Information: Added key list 'DesignWare' to design 'part3'. (DDB-72)
  Mapping Optimization (Phase 1)

                                  TOTAL                                                
   ELAPSED            WORST NEG   SETUP    DESIGN                              LEAKAGE 
    TIME      AREA      SLACK     COST    RULE COST         ENDPOINT            POWER  
  --------- --------- --------- --------- --------- ------------------------- ---------
    0:00:03    1131.0      0.81       1.3       0.0                           28250.8730
    0:00:03    1129.7      0.80       1.3       0.0                           28207.8145
    0:00:03    1129.7      0.80       1.3       0.0                           28207.8145
    0:00:03    1128.1      0.80       1.3       0.0                           28140.5156
  Re-synthesis Optimization (Phase 1)
  Re-synthesis Optimization (Phase 2)
  Global Optimization (Phase 1)
  Global Optimization (Phase 2)
  Global Optimization (Phase 3)
  Global Optimization (Phase 4)
  Global Optimization (Phase 5)
  Global Optimization (Phase 6)
  Global Optimization (Phase 7)
  Global Optimization (Phase 8)
  Global Optimization (Phase 9)
  Global Optimization (Phase 10)
  Global Optimization (Phase 11)
  Global Optimization (Phase 12)
  Global Optimization (Phase 13)
  Global Optimization (Phase 14)
  Global Optimization (Phase 15)
  Global Optimization (Phase 16)
  Global Optimization (Phase 17)
  Global Optimization (Phase 18)
  Global Optimization (Phase 19)
  Global Optimization (Phase 20)
  Global Optimization (Phase 21)
  Global Optimization (Phase 22)
  Global Optimization (Phase 23)
  Global Optimization (Phase 24)
  Global Optimization (Phase 25)
  Global Optimization (Phase 26)
  Global Optimization (Phase 27)
  Global Optimization (Phase 28)
  Global Optimization (Phase 29)
  Global Optimization (Phase 30)
  Selecting critical implementations
  Structuring 'part3_DW_sqrt_3'
  Mapping 'part3_DW_sqrt_3'
  Structuring 'part3_DW_sqrt_4'
  Mapping 'part3_DW_sqrt_4'
  Mapping 'DW01_add'
  Mapping 'DW01_add'
  Mapping 'DW01_add'
  Mapping 'DW01_add'
  Mapping 'part3_DW01_add_16'
  Mapping 'part3_DW01_add_17'
  Mapping 'part3_DW01_add_18'
  Mapping 'part3_DW01_add_19'
  Mapping 'part3_DW01_add_20'
  Mapping 'part3_DW01_add_21'
  Structuring 'part3_DW_sqrt_5'
  Mapping 'part3_DW_sqrt_5'
  Mapping 'DW01_add'
  Mapping 'DW01_add'
  Mapping 'DW01_add'
  Mapping 'DW01_add'
  Mapping 'part3_DW01_add_22'
  Mapping 'part3_DW01_add_23'
  Mapping 'part3_DW01_add_24'
  Mapping 'part3_DW01_add_25'
  Mapping 'part3_DW01_add_26'
  Mapping 'part3_DW01_add_27'



  Beginning Delay Optimization Phase
  ----------------------------------

                                  TOTAL                                                
   ELAPSED            WORST NEG   SETUP    DESIGN                              LEAKAGE 
    TIME      AREA      SLACK     COST    RULE COST         ENDPOINT            POWER  
  --------- --------- --------- --------- --------- ------------------------- ---------
    0:00:06     950.7      0.36       0.4       0.0                           20772.6465
    0:00:06     950.7      0.36       0.4       0.0                           20772.6465
    0:00:06     950.4      0.36       0.4       0.0                           20758.2949
    0:00:06     950.4      0.36       0.4       0.0                           20758.2949
    0:00:07     985.3      0.26       0.3       0.0                           21996.3809
    0:00:07     985.3      0.26       0.3       0.0                           21996.3809
    0:00:07     984.7      0.25       0.3       0.0                           22014.7852
    0:00:07     984.7      0.25       0.3       0.0                           22014.7852
    0:00:09    1015.6      0.23       0.2       0.0                           23392.4590
    0:00:09    1015.6      0.23       0.2       0.0                           23392.4590
    0:00:10    1019.0      0.18       0.2       0.0                           23546.7285
    0:00:10    1019.0      0.18       0.2       0.0                           23546.7285
    0:00:10    1026.0      0.17       0.2       0.0                           23758.5176

  Beginning Delay Optimization
  ----------------------------
    0:00:10    1026.5      0.16       0.2       0.0                           23772.8691
    0:00:11    1027.3      0.15       0.1       0.0                           23801.1484
    0:00:11    1027.3      0.15       0.1       0.0                           23801.1484
    0:00:12    1035.5      0.13       0.1       0.0                           24051.6133
    0:00:12    1035.5      0.13       0.1       0.0                           24051.6133
    0:00:12    1035.8      0.12       0.1       0.0                           24076.4141
    0:00:12    1035.8      0.12       0.1       0.0                           24076.4141
    0:00:13    1035.8      0.12       0.1       0.0                           24076.4141
    0:00:14    1028.9      0.04       0.0       0.0 g_reg[0]/D                23128.8750
    0:00:14    1033.4      0.00       0.0       0.0                           23182.7559
    0:00:14    1033.4      0.00       0.0       0.0                           23182.7559

                                  TOTAL                                                
   ELAPSED            WORST NEG   SETUP    DESIGN                              LEAKAGE 
    TIME      AREA      SLACK     COST    RULE COST         ENDPOINT            POWER  
  --------- --------- --------- --------- --------- ------------------------- ---------
    0:00:14    1033.4      0.00       0.0       0.0                           23182.7559
    0:00:14    1030.7      0.00       0.0       0.0                           23110.9902


  Beginning Leakage Power Optimization  (max_leakage_power 0)
  ------------------------------------

                                  TOTAL                                                
   ELAPSED            WORST NEG   SETUP    DESIGN                              LEAKAGE 
    TIME      AREA      SLACK     COST    RULE COST         ENDPOINT            POWER  
  --------- --------- --------- --------- --------- ------------------------- ---------
    0:00:14    1030.2      0.00       0.0       0.0                           23107.2383
  Global Optimization (Phase 31)
  Global Optimization (Phase 32)
  Global Optimization (Phase 33)
  Global Optimization (Phase 34)
  Global Optimization (Phase 35)
  Global Optimization (Phase 36)
  Global Optimization (Phase 37)
  Global Optimization (Phase 38)
  Global Optimization (Phase 39)
  Global Optimization (Phase 40)
  Global Optimization (Phase 41)
  Global Optimization (Phase 42)
  Global Optimization (Phase 43)
  Global Optimization (Phase 44)
  Global Optimization (Phase 45)
  Global Optimization (Phase 46)
    0:00:14     986.6      0.00       0.0       0.0                           21553.2422
    0:00:14     986.6      0.00       0.0       0.0                           21553.2422
    0:00:14     986.6      0.00       0.0       0.0                           21553.2422
    0:00:14     986.6      0.00       0.0       0.0                           21553.2422
    0:00:14     986.6      0.00       0.0       0.0                           21553.2422
    0:00:14     986.6      0.00       0.0       0.0                           21553.2422
    0:00:14     986.6      0.00       0.0       0.0                           21553.2422
    0:00:14     986.6      0.00       0.0       0.0                           21553.2422
    0:00:14     986.6      0.00       0.0       0.0                           21553.2422
    0:00:14     986.6      0.00       0.0       0.0                           21553.2422
    0:00:14     986.6      0.00       0.0       0.0                           21553.2422
    0:00:14     986.6      0.00       0.0       0.0                           21553.2422
    0:00:14     986.6      0.00       0.0       0.0                           21553.2422
    0:00:14     986.6      0.00       0.0       0.0                           21553.2422
    0:00:14     986.6      0.00       0.0       0.0                           21553.2422
    0:00:14     986.6      0.00       0.0       0.0                           21553.2422
    0:00:14     986.6      0.00       0.0       0.0                           21553.2422
    0:00:14     986.6      0.00       0.0       0.0                           21553.2422
    0:00:14     986.6      0.00       0.0       0.0                           21553.2422
    0:00:14     986.6      0.00       0.0       0.0                           21553.2422
    0:00:14     986.6      0.00       0.0       0.0                           21553.2422
    0:00:14     986.6      0.00       0.0       0.0                           21553.2422

                                  TOTAL                                                
   ELAPSED            WORST NEG   SETUP    DESIGN                              LEAKAGE 
    TIME      AREA      SLACK     COST    RULE COST         ENDPOINT            POWER  
  --------- --------- --------- --------- --------- ------------------------- ---------
    0:00:14     986.6      0.00       0.0       0.0                           21553.2422
    0:00:14     985.5      0.00       0.0       0.0                           21526.8613
    0:00:14     985.5      0.00       0.0       0.0                           21526.8613
    0:00:14     985.5      0.00       0.0       0.0                           21526.8613
    0:00:14     985.5      0.00       0.0       0.0                           21526.8613
    0:00:14     978.6      0.00       0.0       0.0                           21350.7773
    0:00:14     978.6      0.00       0.0       0.0                           21350.7773
    0:00:14     978.1      0.00       0.0       0.0                           21302.5293
Loading db file '/home/home4/pmilder/ese507/synthesis/lib/NangateOpenCellLibrary_typical.db'


Note: Symbol # after min delay cost means estimated hold TNS across all active scenarios 


  Optimization Complete
  ---------------------
Information: State dependent leakage is now switched from off to on.
Information: Propagating switching activity (low effort zero delay simulation). (PWR-6)
1
report_area
 
****************************************
Report : area
Design : part3
Version: J-2014.09-SP5-2
Date   : Mon Sep 23 22:46:45 2019
****************************************

Information: Updating design information... (UID-85)
Library(s) Used:

    NangateOpenCellLibrary (File: /home/home4/pmilder/ese507/synthesis/lib/NangateOpenCellLibrary_typical.db)

Number of ports:                           22
Number of nets:                           846
Number of cells:                          788
Number of combinational cells:            747
Number of sequential cells:                41
Number of macros/black boxes:               0
Number of buf/inv:                        150
Number of references:                      30

Combinational area:                792.679998
Buf/Inv area:                       84.056001
Noncombinational area:             185.401993
Macro/Black Box area:                0.000000
Net Interconnect area:      undefined  (Wire load has zero net area)

Total cell area:                   978.081991
Total area:                 undefined
1
report_power
 
****************************************
Report : power
        -analysis_effort low
Design : part3
Version: J-2014.09-SP5-2
Date   : Mon Sep 23 22:46:45 2019
****************************************


Library(s) Used:

    NangateOpenCellLibrary (File: /home/home4/pmilder/ese507/synthesis/lib/NangateOpenCellLibrary_typical.db)


Operating Conditions: typical   Library: NangateOpenCellLibrary
Wire Load Model Mode: top

Design        Wire Load Model            Library
------------------------------------------------
part3                  5K_hvratio_1_1    NangateOpenCellLibrary


Global Operating Voltage = 1.1  
Power-specific unit information :
    Voltage Units = 1V
    Capacitance Units = 1.000000ff
    Time Units = 1ns
    Dynamic Power Units = 1uW    (derived from V,C,T units)
    Leakage Power Units = 1nW


  Cell Internal Power  = 148.2752 uW   (69%)
  Net Switching Power  =  67.8949 uW   (31%)
                         ---------
Total Dynamic Power    = 216.1701 uW  (100%)

Cell Leakage Power     =  22.2885 uW


                 Internal         Switching           Leakage            Total
Power Group      Power            Power               Power              Power   (   %    )  Attrs
--------------------------------------------------------------------------------------------------
io_pad             0.0000            0.0000            0.0000            0.0000  (   0.00%)
memory             0.0000            0.0000            0.0000            0.0000  (   0.00%)
black_box          0.0000            0.0000            0.0000            0.0000  (   0.00%)
clock_network      0.0000            0.0000            0.0000            0.0000  (   0.00%)
register          96.2115            9.0148        3.2108e+03          108.4372  (  45.47%)
sequential         0.0000            0.0000            0.0000            0.0000  (   0.00%)
combinational     52.0636           58.8802        1.9078e+04          130.0215  (  54.53%)
--------------------------------------------------------------------------------------------------
Total            148.2751 uW        67.8950 uW     2.2289e+04 nW       238.4586 uW
1
report_timing
 
****************************************
Report : timing
        -path full
        -delay max
        -max_paths 1
Design : part3
Version: J-2014.09-SP5-2
Date   : Mon Sep 23 22:46:45 2019
****************************************

Operating Conditions: typical   Library: NangateOpenCellLibrary
Wire Load Model Mode: top

  Startpoint: f_reg[18] (rising edge-triggered flip-flop clocked by clk)
  Endpoint: g_reg[0] (rising edge-triggered flip-flop clocked by clk)
  Path Group: clk
  Path Type: max

  Des/Clust/Port     Wire Load Model       Library
  ------------------------------------------------
  part3              5K_hvratio_1_1        NangateOpenCellLibrary

  Point                                    Incr       Path
  -----------------------------------------------------------
  clock clk (rise edge)                    0.00       0.00
  clock network delay (ideal)              0.00       0.00
  f_reg[18]/CK (DFF_X1)                    0.00       0.00 r
  f_reg[18]/QN (DFF_X1)                    0.09       0.09 r
  U295/ZN (NOR2_X1)                        0.03       0.12 f
  U301/ZN (OR2_X1)                         0.06       0.18 f
  U302/ZN (XNOR2_X1)                       0.05       0.23 f
  U303/Z (MUX2_X1)                         0.07       0.30 f
  U304/ZN (NOR2_X1)                        0.04       0.35 r
  U305/ZN (OAI21_X1)                       0.04       0.38 f
  U307/ZN (XNOR2_X1)                       0.07       0.46 f
  U309/ZN (OAI21_X1)                       0.05       0.51 r
  U310/ZN (INV_X1)                         0.02       0.53 f
  U326/ZN (OAI211_X1)                      0.04       0.57 r
  U340/ZN (AND4_X2)                        0.08       0.65 r
  U360/Z (MUX2_X1)                         0.09       0.74 f
  U361/ZN (OR2_X1)                         0.06       0.80 f
  U362/ZN (INV_X1)                         0.03       0.83 r
  U363/ZN (NOR2_X1)                        0.02       0.86 f
  U99/Z (CLKBUF_X1)                        0.04       0.89 f
  U397/ZN (NAND2_X1)                       0.02       0.92 r
  U398/ZN (AND2_X1)                        0.04       0.95 r
  U399/ZN (AOI21_X1)                       0.03       0.98 f
  U400/ZN (NAND2_X1)                       0.03       1.02 r
  U401/ZN (OR2_X1)                         0.05       1.06 r
  U402/ZN (NAND2_X1)                       0.03       1.09 f
  U407/ZN (OAI21_X1)                       0.05       1.14 r
  U420/ZN (NAND2_X1)                       0.03       1.18 f
  U431/ZN (NAND2_X2)                       0.06       1.24 r
  U457/Z (MUX2_X1)                         0.09       1.33 f
  U458/ZN (NOR2_X1)                        0.06       1.39 r
  U459/ZN (INV_X1)                         0.02       1.41 f
  U468/ZN (AND2_X1)                        0.04       1.45 f
  U475/ZN (AND2_X1)                        0.04       1.49 f
  U476/ZN (NAND2_X1)                       0.03       1.52 r
  U490/ZN (NAND2_X2)                       0.05       1.57 f
  U553/Z (BUF_X2)                          0.06       1.63 f
  U558/ZN (NAND2_X1)                       0.03       1.66 r
  U559/ZN (OAI21_X1)                       0.03       1.69 f
  U560/ZN (INV_X1)                         0.03       1.72 r
  U561/ZN (OAI211_X1)                      0.04       1.76 f
  U562/ZN (AOI21_X1)                       0.07       1.82 r
  U119/ZN (NAND2_X1)                       0.04       1.86 f
  U583/Z (BUF_X2)                          0.05       1.91 f
  U584/ZN (OAI22_X1)                       0.09       2.00 r
  U585/ZN (NAND2_X1)                       0.05       2.05 f
  U629/ZN (AOI21_X1)                       0.06       2.11 r
  U648/ZN (AND2_X1)                        0.05       2.15 r
  U649/ZN (NAND3_X1)                       0.04       2.19 f
  U652/ZN (AND2_X4)                        0.06       2.25 f
  U717/ZN (OR2_X1)                         0.06       2.32 f
  U721/ZN (NAND2_X1)                       0.03       2.35 r
  U722/ZN (NAND2_X1)                       0.03       2.37 f
  U732/ZN (OAI21_X1)                       0.06       2.43 r
  U741/ZN (AOI21_X1)                       0.03       2.46 f
  U742/ZN (INV_X1)                         0.03       2.49 r
  U744/ZN (NAND2_X1)                       0.02       2.51 f
  U747/ZN (OAI21_X1)                       0.04       2.56 r
  g_reg[0]/D (DFF_X1)                      0.01       2.56 r
  data arrival time                                   2.56

  clock clk (rise edge)                    2.60       2.60
  clock network delay (ideal)              0.00       2.60
  g_reg[0]/CK (DFF_X1)                     0.00       2.60 r
  library setup time                      -0.03       2.57
  data required time                                  2.57
  -----------------------------------------------------------
  data required time                                  2.57
  data arrival time                                  -2.56
  -----------------------------------------------------------
  slack (MET)                                         0.00


1
write -f verilog $TOP_MOD_NAME -output part3_synth.v -hierarchy
Writing verilog file '/home/home5/pjain/ese507_workspace/ese507_proj1/part3/synthesis/part3_synth.v'.
1
quit

Thank you...
