
                      Design Compiler Graphical
                            DC Ultra (TM)
                             DFTMAX (TM)
                         Power Compiler (TM)
                           DesignWare (R)
                           DC Expert (TM)
                         Design Vision (TM)
                          HDL Compiler (TM)
                         VHDL Compiler (TM)
                            DFT Compiler
                        Library Compiler (TM)
                         Design Compiler(R)

         Version J-2014.09-SP5-2 for RHEL64 -- Jul 11, 2015
               Copyright (c) 1988-2015 Synopsys, Inc.

This software and the associated documentation are confidential and 
proprietary to Synopsys, Inc. Your use or disclosure of this software 
is subject to the terms and conditions of a written license agreement 
between you, or your company, and Synopsys, Inc.

Initializing...
##############################################
# Setup: fill out the following parameters: name of clock signal, clock period (ns),
# reset signal name (if used), name of top-level module, name of source file
set CLK_NAME "clk";
clk
set CLK_PERIOD 0.5;
0.5
set RST_NAME "reset";
reset
set TOP_MOD_NAME "part2";
part2
set SRC_FILE "../part2.sv";
../part2.sv
# If you have multiple source files, change the line above to list them all like this:
# set SRC_FILE [list "file1.sv" "file2.sv"];
###############################################
source setupdc.tcl
NangateOpenCellLibrary_typical.db dw_foundation.sldb
file mkdir work_synth
define_design_lib WORK -path work_synth
1
analyze $SRC_FILE -format sverilog
Running PRESTO HDLC
Compiling source file ../part2.sv
Warning:  ../part2.sv:37: The construct 'assert property' is not supported in synthesis; it is ignored. (VER-708)
Warning:  ../part2.sv:38: The construct 'assert property' is not supported in synthesis; it is ignored. (VER-708)
Warning:  ../part2.sv:40: The construct 'assert property' is not supported in synthesis; it is ignored. (VER-708)
Warning:  ../part2.sv:42: The construct 'assert property' is not supported in synthesis; it is ignored. (VER-708)
Warning:  ../part2.sv:61: The construct 'assert property' is not supported in synthesis; it is ignored. (VER-708)
Warning:  ../part2.sv:64: The construct 'assert property' is not supported in synthesis; it is ignored. (VER-708)
Warning:  ../part2.sv:69: The construct 'assert property' is not supported in synthesis; it is ignored. (VER-708)
Warning:  ../part2.sv:98: The construct 'assert property' is not supported in synthesis; it is ignored. (VER-708)
Warning:  ../part2.sv:101: The construct 'assert property' is not supported in synthesis; it is ignored. (VER-708)
Warning:  ../part2.sv:106: The construct 'assert property' is not supported in synthesis; it is ignored. (VER-708)
Warning:  ../part2.sv:113: The construct 'immediate assertion' is not supported in synthesis; it is ignored. (VER-708)
Warning:  ../part2.sv:114: The construct 'immediate assertion' is not supported in synthesis; it is ignored. (VER-708)
Warning:  ../part2.sv:115: The construct 'immediate assertion' is not supported in synthesis; it is ignored. (VER-708)
Warning:  ../part2.sv:116: The construct 'immediate assertion' is not supported in synthesis; it is ignored. (VER-708)
Warning:  ../part2.sv:113: delay controls are ignored for synthesis. (VER-176)
Warning:  ../part2.sv:114: delay controls are ignored for synthesis. (VER-176)
Warning:  ../part2.sv:115: delay controls are ignored for synthesis. (VER-176)
Warning:  ../part2.sv:116: delay controls are ignored for synthesis. (VER-176)
Presto compilation completed successfully.
Loading db file '/home/home4/pmilder/ese507/synthesis/lib/NangateOpenCellLibrary_typical.db'
Loading db file '/usr/local/synopsys/syn/libraries/syn/dw_foundation.sldb'
1
elaborate -work WORK $TOP_MOD_NAME
Loading db file '/usr/local/synopsys/syn/libraries/syn/gtech.db'
Loading db file '/usr/local/synopsys/syn/libraries/syn/standard.sldb'
  Loading link library 'NangateOpenCellLibrary'
  Loading link library 'gtech'
Running PRESTO HDLC

Inferred memory devices in process
	in routine part2 line 23 in file
		'../part2.sv'.
===============================================================================
|    Register Name    |   Type    | Width | Bus | MB | AR | AS | SR | SS | ST |
===============================================================================
|   enable_out_reg    | Flip-flop |   1   |  N  | N  | N  | N  | N  | N  | N  |
|    enable_f_reg     | Flip-flop |   1   |  N  | N  | N  | N  | N  | N  | N  |
===============================================================================

Inferred memory devices in process
	in routine part2 line 50 in file
		'../part2.sv'.
===============================================================================
|    Register Name    |   Type    | Width | Bus | MB | AR | AS | SR | SS | ST |
===============================================================================
|      a_reg_reg      | Flip-flop |   8   |  Y  | N  | N  | N  | N  | N  | N  |
===============================================================================

Inferred memory devices in process
	in routine part2 line 87 in file
		'../part2.sv'.
===============================================================================
|    Register Name    |   Type    | Width | Bus | MB | AR | AS | SR | SS | ST |
===============================================================================
|        f_reg        | Flip-flop |  20   |  Y  | N  | N  | N  | N  | N  | N  |
===============================================================================
Warning:  ../part2.sv:112: Netlist for always block is empty. (ELAB-985)
Presto compilation completed successfully.
Elaborated 1 design.
Current design is now 'part2'.
1
###### CLOCKS AND PORTS #######
set CLK_PORT [get_ports $CLK_NAME]
{clk}
set TMP1 [remove_from_collection [all_inputs] $CLK_PORT]
{reset a[7] a[6] a[5] a[4] a[3] a[2] a[1] a[0] valid_in}
set INPUTS [remove_from_collection $TMP1 $RST_NAME]
{a[7] a[6] a[5] a[4] a[3] a[2] a[1] a[0] valid_in}
create_clock -period $CLK_PERIOD [get_ports clk]
1
# set delay for inputs to be 0.2ns
set_input_delay 0.2 -max -clock clk $INPUTS
1
set_output_delay 0.2 -max -clock clk [all_outputs]
1
###### OPTIMIZATION #######
set_max_area 0 
1
###### RUN #####
compile_ultra
Information: Performing power optimization. (PWR-850)
Alib files are up-to-date.
Information: Evaluating DesignWare library utilization. (UISN-27)

============================================================================
| DesignWare Building Block Library  |         Version         | Available |
============================================================================
| Basic DW Building Blocks           | J-2014.09-DWBB_201409.5.2 |   *     |
| Licensed DW Building Blocks        | J-2014.09-DWBB_201409.5.2 |   *     |
============================================================================

Information: Sequential output inversion is enabled.  SVF file must be used for formal verification. (OPT-1208)

Loaded alib file './alib-52/NangateOpenCellLibrary_typical.db.alib'
  Building model 'DW01_NAND2'
Information: Ungrouping 0 of 1 hierarchies before Pass 1 (OPT-775)
Information: State dependent leakage is now switched from on to off.

  Beginning Pass 1 Mapping
  ------------------------
  Processing 'part2'
 Implement Synthetic for 'part2'.

  Updating timing information
Information: Updating design information... (UID-85)

  Beginning Mapping Optimizations  (Ultra High effort)
  -------------------------------
  Mapping Optimization (Phase 1)

                                  TOTAL                                                
   ELAPSED            WORST NEG   SETUP    DESIGN                              LEAKAGE 
    TIME      AREA      SLACK     COST    RULE COST         ENDPOINT            POWER  
  --------- --------- --------- --------- --------- ------------------------- ---------
    0:00:01     580.1      0.41       6.0       0.0                           13678.8623
    0:00:01     580.1      0.41       6.0       0.0                           13678.8623
    0:00:01     580.1      0.41       6.0       0.0                           13678.8623
    0:00:01     576.4      0.41       6.0       0.0                           13545.6904
  Re-synthesis Optimization (Phase 1)
  Re-synthesis Optimization (Phase 2)
  Global Optimization (Phase 1)
  Global Optimization (Phase 2)
  Global Optimization (Phase 3)
  Global Optimization (Phase 4)
  Global Optimization (Phase 5)
  Global Optimization (Phase 6)
  Global Optimization (Phase 7)
  Global Optimization (Phase 8)
  Global Optimization (Phase 9)
  Global Optimization (Phase 10)
  Global Optimization (Phase 11)
  Global Optimization (Phase 12)
  Global Optimization (Phase 13)
  Global Optimization (Phase 14)
  Global Optimization (Phase 15)
  Global Optimization (Phase 16)
  Global Optimization (Phase 17)
  Global Optimization (Phase 18)
  Global Optimization (Phase 19)
  Global Optimization (Phase 20)
  Global Optimization (Phase 21)
  Global Optimization (Phase 22)
  Global Optimization (Phase 23)
  Global Optimization (Phase 24)
  Global Optimization (Phase 25)
  Global Optimization (Phase 26)
  Global Optimization (Phase 27)
  Global Optimization (Phase 28)
  Global Optimization (Phase 29)
  Mapping 'part2_DP_OP_11J1_122_5011_2'
Information: Added key list 'DesignWare' to design 'part2'. (DDB-72)
    0:00:02     488.6      0.40       5.3       0.0                           10434.7832



  Beginning Delay Optimization Phase
  ----------------------------------

                                  TOTAL                                                
   ELAPSED            WORST NEG   SETUP    DESIGN                              LEAKAGE 
    TIME      AREA      SLACK     COST    RULE COST         ENDPOINT            POWER  
  --------- --------- --------- --------- --------- ------------------------- ---------
    0:00:02     488.6      0.40       5.3       0.0                           10434.7832
    0:00:02     488.6      0.40       5.3       0.0                           10434.7832
    0:00:02     488.6      0.40       5.3       0.0                           10434.7832
    0:00:02     488.6      0.40       5.3       0.0                           10434.7832
    0:00:02     521.6      0.38       5.1       0.0                           11518.8281
    0:00:02     521.6      0.38       5.1       0.0                           11518.8281
    0:00:02     521.9      0.38       5.0       0.0                           11540.4502
    0:00:02     521.9      0.38       5.0       0.0                           11540.4502
    0:00:02     531.7      0.37       5.0       0.0                           11856.7451
    0:00:02     531.7      0.37       5.0       0.0                           11856.7451
    0:00:03     542.6      0.34       4.6       0.0                           12249.9746
    0:00:03     542.6      0.34       4.6       0.0                           12249.9746
    0:00:03     541.6      0.34       4.5       0.0                           12209.5059

  Beginning Delay Optimization
  ----------------------------
    0:00:03     530.7      0.33       5.3       0.0                           11929.7275
    0:00:05     544.5      0.31       5.0       0.0                           12423.3721
    0:00:05     544.5      0.31       5.0       0.0                           12423.3721
    0:00:06     544.5      0.31       5.0       0.0                           12423.3721
    0:00:06     541.8      0.31       5.0       0.0                           12329.9678
    0:00:06     542.9      0.31       4.9       0.0                           12373.0293
    0:00:06     542.9      0.31       4.9       0.0                           12373.0293
    0:00:06     542.9      0.31       4.9       0.0                           12373.0293
    0:00:07     552.5      0.27       3.6       0.0                           12515.5498
    0:00:07     559.4      0.27       3.6       0.0                           12754.1533

                                  TOTAL                                                
   ELAPSED            WORST NEG   SETUP    DESIGN                              LEAKAGE 
    TIME      AREA      SLACK     COST    RULE COST         ENDPOINT            POWER  
  --------- --------- --------- --------- --------- ------------------------- ---------
    0:00:07     559.4      0.27       3.6       0.0                           12754.1533
    0:00:07     561.0      0.27       3.6       0.0                           12754.2393


  Beginning Leakage Power Optimization  (max_leakage_power 0)
  ------------------------------------

                                  TOTAL                                                
   ELAPSED            WORST NEG   SETUP    DESIGN                              LEAKAGE 
    TIME      AREA      SLACK     COST    RULE COST         ENDPOINT            POWER  
  --------- --------- --------- --------- --------- ------------------------- ---------
    0:00:07     561.0      0.27       3.6       0.0                           12754.2393
  Global Optimization (Phase 30)
  Global Optimization (Phase 31)
  Global Optimization (Phase 32)
  Global Optimization (Phase 33)
  Global Optimization (Phase 34)
  Global Optimization (Phase 35)
  Global Optimization (Phase 36)
  Global Optimization (Phase 37)
  Global Optimization (Phase 38)
  Global Optimization (Phase 39)
  Global Optimization (Phase 40)
  Global Optimization (Phase 41)
  Global Optimization (Phase 42)
    0:00:08     538.1      0.26       3.4       0.0                           11832.9951
    0:00:08     538.1      0.26       3.4       0.0                           11832.9951
    0:00:08     538.1      0.26       3.4       0.0                           11832.9951
    0:00:08     538.1      0.26       3.4       0.0                           11843.2197
    0:00:08     538.1      0.26       3.4       0.0                           11843.2197
    0:00:08     544.8      0.26       3.4       0.0                           12057.6514
    0:00:08     544.8      0.26       3.4       0.0                           12057.6514
    0:00:08     544.8      0.26       3.4       0.0                           12057.6514
    0:00:08     544.8      0.26       3.4       0.0                           12057.6514
    0:00:08     544.8      0.26       3.4       0.0                           12057.6514
    0:00:08     544.8      0.26       3.4       0.0                           12057.6514
    0:00:08     550.9      0.26       3.4       0.0                           12269.0547
    0:00:08     550.9      0.26       3.4       0.0                           12269.0547
    0:00:08     550.9      0.26       3.4       0.0                           12269.0547
    0:00:08     550.9      0.26       3.4       0.0                           12269.0547
    0:00:08     550.9      0.26       3.4       0.0                           12269.0547
    0:00:08     550.9      0.26       3.4       0.0                           12269.0547
    0:00:09     550.9      0.26       3.4       0.0                           12269.0547
    0:00:09     550.9      0.26       3.4       0.0                           12269.0547
    0:00:09     550.9      0.26       3.4       0.0                           12269.0547
    0:00:09     550.9      0.26       3.4       0.0                           12269.0547
    0:00:09     550.9      0.26       3.4       0.0                           12269.0547

                                  TOTAL                                                
   ELAPSED            WORST NEG   SETUP    DESIGN                              LEAKAGE 
    TIME      AREA      SLACK     COST    RULE COST         ENDPOINT            POWER  
  --------- --------- --------- --------- --------- ------------------------- ---------
    0:00:09     550.9      0.26       3.4       0.0                           12269.0547
    0:00:09     538.6      0.26       3.4       0.0                           11760.9424
    0:00:09     535.2      0.26       3.4       0.0                           11678.0527
    0:00:09     535.2      0.26       3.4       0.0                           11678.0527
    0:00:09     535.2      0.26       3.4       0.0                           11678.0527
    0:00:09     532.8      0.26       3.4       0.0                           11606.1650
    0:00:12     534.9      0.26       3.4       0.0                           11718.5186
    0:00:12     531.5      0.26       3.4       0.0                           11545.1758
Loading db file '/home/home4/pmilder/ese507/synthesis/lib/NangateOpenCellLibrary_typical.db'


Note: Symbol # after min delay cost means estimated hold TNS across all active scenarios 


  Optimization Complete
  ---------------------
Information: State dependent leakage is now switched from off to on.
Information: Propagating switching activity (low effort zero delay simulation). (PWR-6)
1
report_area
 
****************************************
Report : area
Design : part2
Version: J-2014.09-SP5-2
Date   : Tue Sep 24 03:26:11 2019
****************************************

Information: Updating design information... (UID-85)
Library(s) Used:

    NangateOpenCellLibrary (File: /home/home4/pmilder/ese507/synthesis/lib/NangateOpenCellLibrary_typical.db)

Number of ports:                           32
Number of nets:                           446
Number of cells:                          405
Number of combinational cells:            375
Number of sequential cells:                30
Number of macros/black boxes:               0
Number of buf/inv:                         60
Number of references:                      21

Combinational area:                391.551997
Buf/Inv area:                       34.846000
Noncombinational area:             139.915996
Macro/Black Box area:                0.000000
Net Interconnect area:      undefined  (Wire load has zero net area)

Total cell area:                   531.467993
Total area:                 undefined
1
report_power
 
****************************************
Report : power
        -analysis_effort low
Design : part2
Version: J-2014.09-SP5-2
Date   : Tue Sep 24 03:26:11 2019
****************************************


Library(s) Used:

    NangateOpenCellLibrary (File: /home/home4/pmilder/ese507/synthesis/lib/NangateOpenCellLibrary_typical.db)


Operating Conditions: typical   Library: NangateOpenCellLibrary
Wire Load Model Mode: top

Design        Wire Load Model            Library
------------------------------------------------
part2                  5K_hvratio_1_1    NangateOpenCellLibrary


Global Operating Voltage = 1.1  
Power-specific unit information :
    Voltage Units = 1V
    Capacitance Units = 1.000000ff
    Time Units = 1ns
    Dynamic Power Units = 1uW    (derived from V,C,T units)
    Leakage Power Units = 1nW


  Cell Internal Power  = 491.8485 uW   (74%)
  Net Switching Power  = 173.2483 uW   (26%)
                         ---------
Total Dynamic Power    = 665.0968 uW  (100%)

Cell Leakage Power     =  11.5325 uW


                 Internal         Switching           Leakage            Total
Power Group      Power            Power               Power              Power   (   %    )  Attrs
--------------------------------------------------------------------------------------------------
io_pad             0.0000            0.0000            0.0000            0.0000  (   0.00%)
memory             0.0000            0.0000            0.0000            0.0000  (   0.00%)
black_box          0.0000            0.0000            0.0000            0.0000  (   0.00%)
clock_network      0.0000            0.0000            0.0000            0.0000  (   0.00%)
register         365.2424           28.8795        2.4527e+03          396.5746  (  58.61%)
sequential         0.0000            0.0000            0.0000            0.0000  (   0.00%)
combinational    126.6061          144.3688        9.0797e+03          280.0546  (  41.39%)
--------------------------------------------------------------------------------------------------
Total            491.8485 uW       173.2483 uW     1.1532e+04 nW       676.6292 uW
1
report_timing
 
****************************************
Report : timing
        -path full
        -delay max
        -max_paths 1
Design : part2
Version: J-2014.09-SP5-2
Date   : Tue Sep 24 03:26:11 2019
****************************************

Operating Conditions: typical   Library: NangateOpenCellLibrary
Wire Load Model Mode: top

  Startpoint: a_reg_reg[1]
              (rising edge-triggered flip-flop clocked by clk)
  Endpoint: f_reg[16] (rising edge-triggered flip-flop clocked by clk)
  Path Group: clk
  Path Type: max

  Des/Clust/Port     Wire Load Model       Library
  ------------------------------------------------
  part2              5K_hvratio_1_1        NangateOpenCellLibrary

  Point                                    Incr       Path
  -----------------------------------------------------------
  clock clk (rise edge)                    0.00       0.00
  clock network delay (ideal)              0.00       0.00
  a_reg_reg[1]/CK (DFF_X1)                 0.00       0.00 r
  a_reg_reg[1]/QN (DFF_X1)                 0.09       0.09 r
  U67/ZN (INV_X1)                          0.03       0.12 f
  U66/ZN (NOR2_X1)                         0.04       0.16 r
  U159/ZN (OAI21_X1)                       0.04       0.19 f
  U161/ZN (NAND2_X1)                       0.03       0.23 r
  U175/ZN (NAND2_X1)                       0.03       0.26 f
  U182/ZN (NAND2_X1)                       0.03       0.29 r
  U179/ZN (XNOR2_X1)                       0.06       0.35 r
  U180/ZN (XNOR2_X1)                       0.06       0.42 r
  U272/ZN (NOR2_X1)                        0.03       0.44 f
  U273/ZN (NOR2_X1)                        0.04       0.49 r
  U274/Z (BUF_X1)                          0.05       0.54 r
  U332/ZN (NAND2_X1)                       0.03       0.57 f
  U340/ZN (OAI21_X1)                       0.05       0.62 r
  U341/ZN (XNOR2_X1)                       0.06       0.68 r
  U343/ZN (OAI21_X1)                       0.03       0.70 f
  f_reg[16]/D (DFF_X2)                     0.01       0.71 f
  data arrival time                                   0.71

  clock clk (rise edge)                    0.50       0.50
  clock network delay (ideal)              0.00       0.50
  f_reg[16]/CK (DFF_X2)                    0.00       0.50 r
  library setup time                      -0.04       0.46
  data required time                                  0.46
  -----------------------------------------------------------
  data required time                                  0.46
  data arrival time                                  -0.71
  -----------------------------------------------------------
  slack (VIOLATED)                                   -0.26


1
write -f verilog $TOP_MOD_NAME -output gates.v -hierarchy
Writing verilog file '/home/home5/vgoyal/myese507/ese507_proj1/part2/synth/gates.v'.
1
quit

Thank you...
